\BOOKMARK [1][-]{section*.1}{\376\377\000A\000b\000s\000t\000r\000a\000c\000t}{}% 1
\BOOKMARK [1][-]{section.1}{\376\377\0001\000\040\000I\000n\000t\000r\000o\000d\000u\000c\000t\000i\000o\000n}{}% 2
\BOOKMARK [2][-]{subsection.1.1}{\376\377\0001\000.\0001\000\040\000C\000o\000n\000t\000r\000i\000b\000u\000t\000i\000o\000n\000s}{section.1}% 3
\BOOKMARK [1][-]{section.2}{\376\377\0002\000\040\000B\000a\000c\000k\000g\000r\000o\000u\000n\000d}{}% 4
\BOOKMARK [2][-]{subsection.2.1}{\376\377\0002\000.\0001\000\040\000L\000o\000a\000d\000s\000\040\000i\000n\000\040\000O\000u\000t\000-\000o\000f\000-\000O\000r\000d\000e\000r\000\040\000E\000x\000e\000c\000u\000t\000i\000o\000n}{section.2}% 5
\BOOKMARK [2][-]{subsection.2.2}{\376\377\0002\000.\0002\000\040\000S\000t\000o\000r\000e\000\040\000S\000e\000t\000s}{section.2}% 6
\BOOKMARK [2][-]{subsection.2.3}{\376\377\0002\000.\0003\000\040\000X\000i\000a\000n\000g\000S\000h\000a\000n\000\040\000S\000t\000o\000r\000e\000\040\000S\000e\000t\000s}{section.2}% 7
\BOOKMARK [2][-]{subsection.2.4}{\376\377\0002\000.\0004\000\040\000P\000H\000A\000S\000T}{section.2}% 8
\BOOKMARK [1][-]{section.3}{\376\377\0003\000\040\000R\000e\000l\000a\000t\000e\000d\000\040\000W\000o\000r\000k}{}% 9
\BOOKMARK [1][-]{section.4}{\376\377\0004\000\040\000M\000e\000t\000h\000o\000d}{}% 10
\BOOKMARK [1][-]{section.5}{\376\377\0005\000\040\000E\000v\000a\000l\000u\000a\000t\000i\000o\000n}{}% 11
\BOOKMARK [2][-]{subsection.5.1}{\376\377\0005\000.\0001\000\040\000E\000x\000p\000e\000r\000i\000m\000e\000n\000t\000a\000l\000\040\000D\000e\000s\000i\000g\000n}{section.5}% 12
\BOOKMARK [2][-]{subsection.5.2}{\376\377\0005\000.\0002\000\040\000P\000e\000r\000f\000o\000r\000m\000a\000n\000c\000e}{section.5}% 13
\BOOKMARK [2][-]{subsection.5.3}{\376\377\0005\000.\0003\000\040\000P\000o\000w\000e\000r}{section.5}% 14
\BOOKMARK [2][-]{subsection.5.4}{\376\377\0005\000.\0004\000\040\000R\000e\000a\000d\000\040\000P\000o\000r\000t\000\040\000I\000m\000p\000a\000c\000t\000\040\000E\000s\000t\000i\000m\000a\000t\000i\000o\000n}{section.5}% 15
\BOOKMARK [2][-]{subsection.5.5}{\376\377\0005\000.\0005\000\040\000P\000r\000o\000f\000i\000l\000e\000\040\000A\000n\000a\000l\000y\000s\000i\000s\000\040\000\046\000\040\000T\000h\000r\000e\000s\000h\000o\000l\000d\000\040\000S\000e\000n\000s\000i\000t\000i\000v\000i\000t\000y}{section.5}% 16
\BOOKMARK [2][-]{subsection.5.6}{\376\377\0005\000.\0006\000\040\000S\000t\000o\000r\000e\000\040\000S\000e\000t\000\040\000T\000a\000b\000l\000e\000\040\000S\000i\000z\000e\000\040\000S\000e\000n\000s\000i\000t\000i\000v\000i\000t\000y}{section.5}% 17
\BOOKMARK [1][-]{section.6}{\376\377\0006\000\040\000T\000h\000r\000e\000a\000t\000s\000\040\000t\000o\000\040\000V\000a\000l\000i\000d\000i\000t\000y}{}% 18
\BOOKMARK [1][-]{section.7}{\376\377\0007\000\040\000F\000u\000t\000u\000r\000e\000\040\000W\000o\000r\000k}{}% 19
\BOOKMARK [1][-]{section.8}{\376\377\0008\000\040\000C\000o\000n\000c\000l\000u\000s\000i\000o\000n}{}% 20
